[1.024s] Invoking command in '/home/ana/sim_ws/src/astar_planner': PYTHONPATH=/home/ana/sim_ws/build/astar_planner/prefix_override:/usr/lib/python3/dist-packages/colcon_core/task/python/colcon_distutils_commands:/home/ana/sim_ws/install/astar_planner/lib/python3.10/site-packages:${PYTHONPATH} /usr/bin/python3 -W ignore:setup.py install is deprecated -W ignore:easy_install command is deprecated setup.py egg_info --egg-base ../../build/astar_planner build --build-base /home/ana/sim_ws/build/astar_planner/build install --record /home/ana/sim_ws/build/astar_planner/install.log --single-version-externally-managed install_data
[1.311s] running egg_info
[1.311s] writing ../../build/astar_planner/astar_planner.egg-info/PKG-INFO
[1.312s] writing dependency_links to ../../build/astar_planner/astar_planner.egg-info/dependency_links.txt
[1.312s] writing entry points to ../../build/astar_planner/astar_planner.egg-info/entry_points.txt
[1.312s] writing requirements to ../../build/astar_planner/astar_planner.egg-info/requires.txt
[1.312s] writing top-level names to ../../build/astar_planner/astar_planner.egg-info/top_level.txt
[1.315s] reading manifest file '../../build/astar_planner/astar_planner.egg-info/SOURCES.txt'
[1.316s] writing manifest file '../../build/astar_planner/astar_planner.egg-info/SOURCES.txt'
[1.316s] running build
[1.316s] running build_py
[1.316s] copying astar_planner/astar_planner_node.py -> /home/ana/sim_ws/build/astar_planner/build/lib/astar_planner
[1.316s] copying astar_planner/planner.py -> /home/ana/sim_ws/build/astar_planner/build/lib/astar_planner
[1.317s] running install
[1.318s] running install_lib
[1.320s] copying /home/ana/sim_ws/build/astar_planner/build/lib/astar_planner/astar_planner_node.py -> /home/ana/sim_ws/install/astar_planner/lib/python3.10/site-packages/astar_planner
[1.320s] copying /home/ana/sim_ws/build/astar_planner/build/lib/astar_planner/planner.py -> /home/ana/sim_ws/install/astar_planner/lib/python3.10/site-packages/astar_planner
[1.321s] byte-compiling /home/ana/sim_ws/install/astar_planner/lib/python3.10/site-packages/astar_planner/astar_planner_node.py to astar_planner_node.cpython-310.pyc
[1.322s] byte-compiling /home/ana/sim_ws/install/astar_planner/lib/python3.10/site-packages/astar_planner/planner.py to planner.cpython-310.pyc
[1.323s] running install_data
[1.323s] running install_egg_info
[1.327s] removing '/home/ana/sim_ws/install/astar_planner/lib/python3.10/site-packages/astar_planner-0.0.0-py3.10.egg-info' (and everything under it)
[1.328s] Copying ../../build/astar_planner/astar_planner.egg-info to /home/ana/sim_ws/install/astar_planner/lib/python3.10/site-packages/astar_planner-0.0.0-py3.10.egg-info
[1.329s] running install_scripts
[1.354s] Installing astar_planner_node script to /home/ana/sim_ws/install/astar_planner/lib/astar_planner
[1.354s] Installing controller script to /home/ana/sim_ws/install/astar_planner/lib/astar_planner
[1.354s] Installing planner script to /home/ana/sim_ws/install/astar_planner/lib/astar_planner
[1.355s] writing list of installed files to '/home/ana/sim_ws/build/astar_planner/install.log'
[1.389s] Invoked command in '/home/ana/sim_ws/src/astar_planner' returned '0': PYTHONPATH=/home/ana/sim_ws/build/astar_planner/prefix_override:/usr/lib/python3/dist-packages/colcon_core/task/python/colcon_distutils_commands:/home/ana/sim_ws/install/astar_planner/lib/python3.10/site-packages:${PYTHONPATH} /usr/bin/python3 -W ignore:setup.py install is deprecated -W ignore:easy_install command is deprecated setup.py egg_info --egg-base ../../build/astar_planner build --build-base /home/ana/sim_ws/build/astar_planner/build install --record /home/ana/sim_ws/build/astar_planner/install.log --single-version-externally-managed install_data
