[0.562s] DEBUG:colcon:Command line arguments: ['/usr/bin/colcon', 'list', '-p', '--base-paths', '/home/ana/sim_ws']
[0.562s] DEBUG:colcon:Parsed command line arguments: Namespace(log_base=None, log_level=None, verb_name='list', build_base='build', ignore_user_meta=False, metas=['./colcon.meta'], base_paths=['/home/ana/sim_ws'], packages_ignore=None, packages_ignore_regex=None, paths=None, packages_up_to=None, packages_up_to_regex=None, packages_above=None, packages_above_and_dependencies=None, packages_above_depth=None, packages_select_by_dep=None, packages_skip_by_dep=None, packages_skip_up_to=None, packages_select_build_failed=False, packages_skip_build_finished=False, packages_select_test_failures=False, packages_skip_test_passed=False, packages_select=None, packages_skip=None, packages_select_regex=None, packages_skip_regex=None, packages_start=None, packages_end=None, allow_overriding=[], topological_order=False, names_only=False, paths_only=True, topological_graph=False, topological_graph_dot=False, topological_graph_density=False, topological_graph_legend=False, topological_graph_dot_cluster=False, topological_graph_dot_include_skipped=False, mixin_files=None, mixin=None, verb_parser=<colcon_mixin.mixin.mixin_argument.MixinArgumentDecorator object at 0x73c7f1364220>, verb_extension=<colcon_package_information.verb.list.ListVerb object at 0x73c7f14748b0>, main=<bound method ListVerb.main of <colcon_package_information.verb.list.ListVerb object at 0x73c7f14748b0>>, mixin_verb=('list',))
[1.957s] Level 1:colcon.colcon_core.package_discovery:discover_packages(colcon_meta) check parameters
[1.957s] Level 1:colcon.colcon_core.package_discovery:discover_packages(recursive) check parameters
[1.957s] Level 1:colcon.colcon_core.package_discovery:discover_packages(ignore) check parameters
[1.957s] Level 1:colcon.colcon_core.package_discovery:discover_packages(path) check parameters
[1.957s] Level 1:colcon.colcon_core.package_discovery:discover_packages(recursive) discover
[1.957s] INFO:colcon.colcon_core.package_discovery:Crawling recursively for packages in '/home/ana/sim_ws'
[1.957s] Level 1:colcon.colcon_core.package_identification:_identify(/home/ana/sim_ws) by extensions ['ignore', 'ignore_ament_install']
[1.957s] Level 1:colcon.colcon_core.package_identification:_identify(/home/ana/sim_ws) by extension 'ignore'
[1.958s] Level 1:colcon.colcon_core.package_identification:_identify(/home/ana/sim_ws) by extension 'ignore_ament_install'
[1.958s] Level 1:colcon.colcon_core.package_identification:_identify(/home/ana/sim_ws) by extensions ['colcon_pkg']
[1.958s] Level 1:colcon.colcon_core.package_identification:_identify(/home/ana/sim_ws) by extension 'colcon_pkg'
[1.958s] Level 1:colcon.colcon_core.package_identification:_identify(/home/ana/sim_ws) by extensions ['colcon_meta']
[1.958s] Level 1:colcon.colcon_core.package_identification:_identify(/home/ana/sim_ws) by extension 'colcon_meta'
[1.958s] Level 1:colcon.colcon_core.package_identification:_identify(/home/ana/sim_ws) by extensions ['ros']
[1.958s] Level 1:colcon.colcon_core.package_identification:_identify(/home/ana/sim_ws) by extension 'ros'
[2.044s] Level 1:colcon.colcon_core.package_identification:_identify(/home/ana/sim_ws) by extensions ['cmake', 'python']
[2.045s] Level 1:colcon.colcon_core.package_identification:_identify(/home/ana/sim_ws) by extension 'cmake'
[2.045s] Level 1:colcon.colcon_core.package_identification:_identify(/home/ana/sim_ws) by extension 'python'
[2.045s] Level 1:colcon.colcon_core.package_identification:_identify(/home/ana/sim_ws) by extensions ['python_setup_py']
[2.045s] Level 1:colcon.colcon_core.package_identification:_identify(/home/ana/sim_ws) by extension 'python_setup_py'
[2.045s] Level 1:colcon.colcon_core.package_identification:_identify(/home/ana/sim_ws/build) by extensions ['ignore', 'ignore_ament_install']
[2.045s] Level 1:colcon.colcon_core.package_identification:_identify(/home/ana/sim_ws/build) by extension 'ignore'
[2.045s] Level 1:colcon.colcon_core.package_identification:_identify(/home/ana/sim_ws/build) ignored
[2.045s] Level 1:colcon.colcon_core.package_identification:_identify(/home/ana/sim_ws/install) by extensions ['ignore', 'ignore_ament_install']
[2.046s] Level 1:colcon.colcon_core.package_identification:_identify(/home/ana/sim_ws/install) by extension 'ignore'
[2.046s] Level 1:colcon.colcon_core.package_identification:_identify(/home/ana/sim_ws/install) ignored
[2.046s] Level 1:colcon.colcon_core.package_identification:_identify(/home/ana/sim_ws/log) by extensions ['ignore', 'ignore_ament_install']
[2.046s] Level 1:colcon.colcon_core.package_identification:_identify(/home/ana/sim_ws/log) by extension 'ignore'
[2.046s] Level 1:colcon.colcon_core.package_identification:_identify(/home/ana/sim_ws/log) ignored
[2.046s] Level 1:colcon.colcon_core.package_identification:_identify(/home/ana/sim_ws/src) by extensions ['ignore', 'ignore_ament_install']
[2.047s] Level 1:colcon.colcon_core.package_identification:_identify(/home/ana/sim_ws/src) by extension 'ignore'
[2.047s] Level 1:colcon.colcon_core.package_identification:_identify(/home/ana/sim_ws/src) by extension 'ignore_ament_install'
[2.047s] Level 1:colcon.colcon_core.package_identification:_identify(/home/ana/sim_ws/src) by extensions ['colcon_pkg']
[2.047s] Level 1:colcon.colcon_core.package_identification:_identify(/home/ana/sim_ws/src) by extension 'colcon_pkg'
[2.047s] Level 1:colcon.colcon_core.package_identification:_identify(/home/ana/sim_ws/src) by extensions ['colcon_meta']
[2.047s] Level 1:colcon.colcon_core.package_identification:_identify(/home/ana/sim_ws/src) by extension 'colcon_meta'
[2.047s] Level 1:colcon.colcon_core.package_identification:_identify(/home/ana/sim_ws/src) by extensions ['ros']
[2.047s] Level 1:colcon.colcon_core.package_identification:_identify(/home/ana/sim_ws/src) by extension 'ros'
[2.047s] Level 1:colcon.colcon_core.package_identification:_identify(/home/ana/sim_ws/src) by extensions ['cmake', 'python']
[2.055s] Level 1:colcon.colcon_core.package_identification:_identify(/home/ana/sim_ws/src) by extension 'cmake'
[2.055s] Level 1:colcon.colcon_core.package_identification:_identify(/home/ana/sim_ws/src) by extension 'python'
[2.055s] Level 1:colcon.colcon_core.package_identification:_identify(/home/ana/sim_ws/src) by extensions ['python_setup_py']
[2.055s] Level 1:colcon.colcon_core.package_identification:_identify(/home/ana/sim_ws/src) by extension 'python_setup_py'
[2.055s] Level 1:colcon.colcon_core.package_identification:_identify(/home/ana/sim_ws/src/build) by extensions ['ignore', 'ignore_ament_install']
[2.055s] Level 1:colcon.colcon_core.package_identification:_identify(/home/ana/sim_ws/src/build) by extension 'ignore'
[2.055s] Level 1:colcon.colcon_core.package_identification:_identify(/home/ana/sim_ws/src/build) ignored
[2.056s] Level 1:colcon.colcon_core.package_identification:_identify(/home/ana/sim_ws/src/f1tenth_gym_ros) by extensions ['ignore', 'ignore_ament_install']
[2.056s] Level 1:colcon.colcon_core.package_identification:_identify(/home/ana/sim_ws/src/f1tenth_gym_ros) by extension 'ignore'
[2.056s] Level 1:colcon.colcon_core.package_identification:_identify(/home/ana/sim_ws/src/f1tenth_gym_ros) by extension 'ignore_ament_install'
[2.056s] Level 1:colcon.colcon_core.package_identification:_identify(/home/ana/sim_ws/src/f1tenth_gym_ros) by extensions ['colcon_pkg']
[2.056s] Level 1:colcon.colcon_core.package_identification:_identify(/home/ana/sim_ws/src/f1tenth_gym_ros) by extension 'colcon_pkg'
[2.056s] Level 1:colcon.colcon_core.package_identification:_identify(/home/ana/sim_ws/src/f1tenth_gym_ros) by extensions ['colcon_meta']
[2.056s] Level 1:colcon.colcon_core.package_identification:_identify(/home/ana/sim_ws/src/f1tenth_gym_ros) by extension 'colcon_meta'
[2.056s] Level 1:colcon.colcon_core.package_identification:_identify(/home/ana/sim_ws/src/f1tenth_gym_ros) by extensions ['ros']
[2.060s] Level 1:colcon.colcon_core.package_identification:_identify(/home/ana/sim_ws/src/f1tenth_gym_ros) by extension 'ros'
[2.079s] DEBUG:colcon.colcon_core.package_identification:Package '/home/ana/sim_ws/src/f1tenth_gym_ros' with type 'ros.ament_python' and name 'f1tenth_gym_ros'
[2.079s] Level 1:colcon.colcon_core.package_identification:_identify(/home/ana/sim_ws/src/install) by extensions ['ignore', 'ignore_ament_install']
[2.079s] Level 1:colcon.colcon_core.package_identification:_identify(/home/ana/sim_ws/src/install) by extension 'ignore'
[2.080s] Level 1:colcon.colcon_core.package_identification:_identify(/home/ana/sim_ws/src/install) ignored
[2.080s] Level 1:colcon.colcon_core.package_identification:_identify(/home/ana/sim_ws/src/log) by extensions ['ignore', 'ignore_ament_install']
[2.080s] Level 1:colcon.colcon_core.package_identification:_identify(/home/ana/sim_ws/src/log) by extension 'ignore'
[2.080s] Level 1:colcon.colcon_core.package_identification:_identify(/home/ana/sim_ws/src/log) ignored
[2.080s] Level 1:colcon.colcon_core.package_discovery:discover_packages(recursive) using defaults
