[0.038s] Invoking command in '/home/ana/sim_ws/build/astar_planner': CMAKE_PREFIX_PATH=/home/ana/sim_ws/install/f1tenth_gym_ros:/home/ana/ros2_ws/install/my_robot_controller:/opt/ros/humble /usr/bin/cmake /home/ana/sim_ws/src/astar_planner -DCMAKE_INSTALL_PREFIX=/home/ana/sim_ws/install/astar_planner
[0.317s] -- The C compiler identification is GNU 11.4.0
[0.444s] -- The CXX compiler identification is GNU 11.4.0
[0.457s] -- Detecting C compiler ABI info
[0.562s] -- Detecting C compiler ABI info - done
[0.575s] -- Check for working C compiler: /usr/bin/cc - skipped
[0.576s] -- Detecting C compile features
[0.577s] -- Detecting C compile features - done
[0.583s] -- Detecting CXX compiler ABI info
[0.675s] -- Detecting CXX compiler ABI info - done
[0.683s] -- Check for working CXX compiler: /usr/bin/c++ - skipped
[0.683s] -- Detecting CXX compile features
[0.684s] -- Detecting CXX compile features - done
[0.691s] -- Found ament_cmake: 1.3.11 (/opt/ros/humble/share/ament_cmake/cmake)
[0.888s] -- Found Python3: /usr/bin/python3 (found version "3.10.12") found components: Interpreter 
[1.040s] -- Found rclpy: 3.3.15 (/opt/ros/humble/share/rclpy/cmake)
[1.043s] -- Found nav_msgs: 4.2.4 (/opt/ros/humble/share/nav_msgs/cmake)
[1.128s] -- Found rosidl_generator_c: 3.1.6 (/opt/ros/humble/share/rosidl_generator_c/cmake)
[1.138s] -- Found rosidl_adapter: 3.1.6 (/opt/ros/humble/share/rosidl_adapter/cmake)
[1.155s] -- Found rosidl_generator_cpp: 3.1.6 (/opt/ros/humble/share/rosidl_generator_cpp/cmake)
[1.177s] -- Using all available rosidl_typesupport_c: rosidl_typesupport_fastrtps_c;rosidl_typesupport_introspection_c
[1.223s] -- Using all available rosidl_typesupport_cpp: rosidl_typesupport_fastrtps_cpp;rosidl_typesupport_introspection_cpp
[1.317s] -- Found ament_lint_auto: 0.12.11 (/opt/ros/humble/share/ament_lint_auto/cmake)
[1.431s] -- Added test 'flake8' to check Python code syntax and style conventions
[1.432s] -- Added test 'lint_cmake' to check CMake code style
[1.432s] -- Added test 'pep257' to check Python code against some of the docstring style conventions in PEP 257
[1.434s] -- Added test 'xmllint' to check XML markup files
[1.436s] -- Configuring done
[1.440s] -- Generating done
[1.442s] -- Build files have been written to: /home/ana/sim_ws/build/astar_planner
[1.448s] Invoked command in '/home/ana/sim_ws/build/astar_planner' returned '0': CMAKE_PREFIX_PATH=/home/ana/sim_ws/install/f1tenth_gym_ros:/home/ana/ros2_ws/install/my_robot_controller:/opt/ros/humble /usr/bin/cmake /home/ana/sim_ws/src/astar_planner -DCMAKE_INSTALL_PREFIX=/home/ana/sim_ws/install/astar_planner
[1.450s] Invoking command in '/home/ana/sim_ws/build/astar_planner': CMAKE_PREFIX_PATH=/home/ana/sim_ws/install/f1tenth_gym_ros:/home/ana/ros2_ws/install/my_robot_controller:/opt/ros/humble /usr/bin/cmake --build /home/ana/sim_ws/build/astar_planner -- -j4 -l4
[1.488s] Invoked command in '/home/ana/sim_ws/build/astar_planner' returned '0': CMAKE_PREFIX_PATH=/home/ana/sim_ws/install/f1tenth_gym_ros:/home/ana/ros2_ws/install/my_robot_controller:/opt/ros/humble /usr/bin/cmake --build /home/ana/sim_ws/build/astar_planner -- -j4 -l4
[1.497s] Invoking command in '/home/ana/sim_ws/build/astar_planner': CMAKE_PREFIX_PATH=/home/ana/sim_ws/install/f1tenth_gym_ros:/home/ana/ros2_ws/install/my_robot_controller:/opt/ros/humble /usr/bin/cmake --install /home/ana/sim_ws/build/astar_planner
[1.505s] -- Install configuration: ""
[1.505s] -- Installing: /home/ana/sim_ws/install/astar_planner/lib/astar_planner/astar_planner_node.py
[1.505s] -- Installing: /home/ana/sim_ws/install/astar_planner/share/ament_index/resource_index/package_run_dependencies/astar_planner
[1.505s] -- Installing: /home/ana/sim_ws/install/astar_planner/share/ament_index/resource_index/parent_prefix_path/astar_planner
[1.506s] -- Installing: /home/ana/sim_ws/install/astar_planner/share/astar_planner/environment/ament_prefix_path.sh
[1.506s] -- Installing: /home/ana/sim_ws/install/astar_planner/share/astar_planner/environment/ament_prefix_path.dsv
[1.506s] -- Installing: /home/ana/sim_ws/install/astar_planner/share/astar_planner/environment/path.sh
[1.506s] -- Installing: /home/ana/sim_ws/install/astar_planner/share/astar_planner/environment/path.dsv
[1.506s] -- Installing: /home/ana/sim_ws/install/astar_planner/share/astar_planner/local_setup.bash
[1.506s] -- Installing: /home/ana/sim_ws/install/astar_planner/share/astar_planner/local_setup.sh
[1.507s] -- Installing: /home/ana/sim_ws/install/astar_planner/share/astar_planner/local_setup.zsh
[1.507s] -- Installing: /home/ana/sim_ws/install/astar_planner/share/astar_planner/local_setup.dsv
[1.507s] -- Installing: /home/ana/sim_ws/install/astar_planner/share/astar_planner/package.dsv
[1.507s] -- Installing: /home/ana/sim_ws/install/astar_planner/share/ament_index/resource_index/packages/astar_planner
[1.508s] -- Installing: /home/ana/sim_ws/install/astar_planner/share/astar_planner/cmake/astar_plannerConfig.cmake
[1.508s] -- Installing: /home/ana/sim_ws/install/astar_planner/share/astar_planner/cmake/astar_plannerConfig-version.cmake
[1.508s] -- Installing: /home/ana/sim_ws/install/astar_planner/share/astar_planner/package.xml
[1.511s] Invoked command in '/home/ana/sim_ws/build/astar_planner' returned '0': CMAKE_PREFIX_PATH=/home/ana/sim_ws/install/f1tenth_gym_ros:/home/ana/ros2_ws/install/my_robot_controller:/opt/ros/humble /usr/bin/cmake --install /home/ana/sim_ws/build/astar_planner
