[0.941s] Invoking command in '/home/ana/sim_ws/src/f1tenth_gym_ros': PYTHONPATH=/home/ana/sim_ws/build/f1tenth_gym_ros/prefix_override:/usr/lib/python3/dist-packages/colcon_core/task/python/colcon_distutils_commands:/home/ana/sim_ws/install/f1tenth_gym_ros/lib/python3.10/site-packages:${PYTHONPATH} /usr/bin/python3 -W ignore:setup.py install is deprecated -W ignore:easy_install command is deprecated setup.py egg_info --egg-base ../../build/f1tenth_gym_ros build --build-base /home/ana/sim_ws/build/f1tenth_gym_ros/build install --record /home/ana/sim_ws/build/f1tenth_gym_ros/install.log --single-version-externally-managed install_data
[1.222s] running egg_info
[1.223s] creating ../../build/f1tenth_gym_ros/f1tenth_gym_ros.egg-info
[1.223s] writing ../../build/f1tenth_gym_ros/f1tenth_gym_ros.egg-info/PKG-INFO
[1.223s] writing dependency_links to ../../build/f1tenth_gym_ros/f1tenth_gym_ros.egg-info/dependency_links.txt
[1.223s] writing entry points to ../../build/f1tenth_gym_ros/f1tenth_gym_ros.egg-info/entry_points.txt
[1.223s] writing requirements to ../../build/f1tenth_gym_ros/f1tenth_gym_ros.egg-info/requires.txt
[1.223s] writing top-level names to ../../build/f1tenth_gym_ros/f1tenth_gym_ros.egg-info/top_level.txt
[1.224s] writing manifest file '../../build/f1tenth_gym_ros/f1tenth_gym_ros.egg-info/SOURCES.txt'
[1.225s] reading manifest file '../../build/f1tenth_gym_ros/f1tenth_gym_ros.egg-info/SOURCES.txt'
[1.225s] adding license file 'LICENSE'
[1.226s] writing manifest file '../../build/f1tenth_gym_ros/f1tenth_gym_ros.egg-info/SOURCES.txt'
[1.226s] running build
[1.226s] running build_py
[1.226s] creating /home/ana/sim_ws/build/f1tenth_gym_ros/build
[1.227s] creating /home/ana/sim_ws/build/f1tenth_gym_ros/build/lib
[1.227s] creating /home/ana/sim_ws/build/f1tenth_gym_ros/build/lib/f1tenth_gym_ros
[1.227s] copying f1tenth_gym_ros/gym_bridge.py -> /home/ana/sim_ws/build/f1tenth_gym_ros/build/lib/f1tenth_gym_ros
[1.227s] copying f1tenth_gym_ros/__init__.py -> /home/ana/sim_ws/build/f1tenth_gym_ros/build/lib/f1tenth_gym_ros
[1.228s] running install
[1.228s] running install_lib
[1.229s] creating /home/ana/sim_ws/install/f1tenth_gym_ros/lib/python3.10/site-packages/f1tenth_gym_ros
[1.229s] copying /home/ana/sim_ws/build/f1tenth_gym_ros/build/lib/f1tenth_gym_ros/gym_bridge.py -> /home/ana/sim_ws/install/f1tenth_gym_ros/lib/python3.10/site-packages/f1tenth_gym_ros
[1.229s] copying /home/ana/sim_ws/build/f1tenth_gym_ros/build/lib/f1tenth_gym_ros/__init__.py -> /home/ana/sim_ws/install/f1tenth_gym_ros/lib/python3.10/site-packages/f1tenth_gym_ros
[1.230s] byte-compiling /home/ana/sim_ws/install/f1tenth_gym_ros/lib/python3.10/site-packages/f1tenth_gym_ros/gym_bridge.py to gym_bridge.cpython-310.pyc
[1.233s] byte-compiling /home/ana/sim_ws/install/f1tenth_gym_ros/lib/python3.10/site-packages/f1tenth_gym_ros/__init__.py to __init__.cpython-310.pyc
[1.234s] running install_data
[1.234s] creating /home/ana/sim_ws/install/f1tenth_gym_ros/share/ament_index
[1.234s] creating /home/ana/sim_ws/install/f1tenth_gym_ros/share/ament_index/resource_index
[1.234s] creating /home/ana/sim_ws/install/f1tenth_gym_ros/share/ament_index/resource_index/packages
[1.234s] copying resource/f1tenth_gym_ros -> /home/ana/sim_ws/install/f1tenth_gym_ros/share/ament_index/resource_index/packages
[1.235s] copying package.xml -> /home/ana/sim_ws/install/f1tenth_gym_ros/share/f1tenth_gym_ros
[1.235s] creating /home/ana/sim_ws/install/f1tenth_gym_ros/share/f1tenth_gym_ros/launch
[1.235s] copying launch/gym_bridge_launch.py -> /home/ana/sim_ws/install/f1tenth_gym_ros/share/f1tenth_gym_ros/launch
[1.235s] copying launch/opp_racecar.xacro -> /home/ana/sim_ws/install/f1tenth_gym_ros/share/f1tenth_gym_ros/launch
[1.235s] copying launch/ego_racecar.xacro -> /home/ana/sim_ws/install/f1tenth_gym_ros/share/f1tenth_gym_ros/launch
[1.235s] copying launch/gym_bridge.rviz -> /home/ana/sim_ws/install/f1tenth_gym_ros/share/f1tenth_gym_ros/launch
[1.236s] creating /home/ana/sim_ws/install/f1tenth_gym_ros/share/f1tenth_gym_ros/config
[1.236s] copying config/sim.yaml -> /home/ana/sim_ws/install/f1tenth_gym_ros/share/f1tenth_gym_ros/config
[1.236s] running install_egg_info
[1.239s] Copying ../../build/f1tenth_gym_ros/f1tenth_gym_ros.egg-info to /home/ana/sim_ws/install/f1tenth_gym_ros/lib/python3.10/site-packages/f1tenth_gym_ros-0.0.0-py3.10.egg-info
[1.240s] running install_scripts
[1.262s] Installing gym_bridge script to /home/ana/sim_ws/install/f1tenth_gym_ros/lib/f1tenth_gym_ros
[1.263s] writing list of installed files to '/home/ana/sim_ws/build/f1tenth_gym_ros/install.log'
[1.291s] Invoked command in '/home/ana/sim_ws/src/f1tenth_gym_ros' returned '0': PYTHONPATH=/home/ana/sim_ws/build/f1tenth_gym_ros/prefix_override:/usr/lib/python3/dist-packages/colcon_core/task/python/colcon_distutils_commands:/home/ana/sim_ws/install/f1tenth_gym_ros/lib/python3.10/site-packages:${PYTHONPATH} /usr/bin/python3 -W ignore:setup.py install is deprecated -W ignore:easy_install command is deprecated setup.py egg_info --egg-base ../../build/f1tenth_gym_ros build --build-base /home/ana/sim_ws/build/f1tenth_gym_ros/build install --record /home/ana/sim_ws/build/f1tenth_gym_ros/install.log --single-version-externally-managed install_data
