[1.018s] Invoking command in '/home/ana/sim_ws/src/astar_planner': PYTHONPATH=/home/ana/sim_ws/src/build/astar_planner/prefix_override:/usr/lib/python3/dist-packages/colcon_core/task/python/colcon_distutils_commands:/home/ana/sim_ws/src/install/astar_planner/lib/python3.10/site-packages:${PYTHONPATH} /usr/bin/python3 -W ignore:setup.py install is deprecated -W ignore:easy_install command is deprecated setup.py egg_info --egg-base ../build/astar_planner build --build-base /home/ana/sim_ws/src/build/astar_planner/build install --record /home/ana/sim_ws/src/build/astar_planner/install.log --single-version-externally-managed install_data
[1.303s] running egg_info
[1.303s] writing ../build/astar_planner/astar_planner.egg-info/PKG-INFO
[1.304s] writing dependency_links to ../build/astar_planner/astar_planner.egg-info/dependency_links.txt
[1.304s] writing entry points to ../build/astar_planner/astar_planner.egg-info/entry_points.txt
[1.305s] writing requirements to ../build/astar_planner/astar_planner.egg-info/requires.txt
[1.305s] writing top-level names to ../build/astar_planner/astar_planner.egg-info/top_level.txt
[1.307s] reading manifest file '../build/astar_planner/astar_planner.egg-info/SOURCES.txt'
[1.308s] writing manifest file '../build/astar_planner/astar_planner.egg-info/SOURCES.txt'
[1.308s] running build
[1.308s] running build_py
[1.309s] copying astar_planner/astar.py -> /home/ana/sim_ws/src/build/astar_planner/build/lib/astar_planner
[1.309s] copying astar_planner/controller.py -> /home/ana/sim_ws/src/build/astar_planner/build/lib/astar_planner
[1.309s] copying astar_planner/astar_planner_node.py -> /home/ana/sim_ws/src/build/astar_planner/build/lib/astar_planner
[1.309s] copying astar_planner/planner.py -> /home/ana/sim_ws/src/build/astar_planner/build/lib/astar_planner
[1.310s] running install
[1.310s] running install_lib
[1.311s] copying /home/ana/sim_ws/src/build/astar_planner/build/lib/astar_planner/astar.py -> /home/ana/sim_ws/src/install/astar_planner/lib/python3.10/site-packages/astar_planner
[1.311s] copying /home/ana/sim_ws/src/build/astar_planner/build/lib/astar_planner/controller.py -> /home/ana/sim_ws/src/install/astar_planner/lib/python3.10/site-packages/astar_planner
[1.311s] copying /home/ana/sim_ws/src/build/astar_planner/build/lib/astar_planner/astar_planner_node.py -> /home/ana/sim_ws/src/install/astar_planner/lib/python3.10/site-packages/astar_planner
[1.312s] copying /home/ana/sim_ws/src/build/astar_planner/build/lib/astar_planner/planner.py -> /home/ana/sim_ws/src/install/astar_planner/lib/python3.10/site-packages/astar_planner
[1.312s] byte-compiling /home/ana/sim_ws/src/install/astar_planner/lib/python3.10/site-packages/astar_planner/astar.py to astar.cpython-310.pyc
[1.313s] byte-compiling /home/ana/sim_ws/src/install/astar_planner/lib/python3.10/site-packages/astar_planner/controller.py to controller.cpython-310.pyc
[1.314s] byte-compiling /home/ana/sim_ws/src/install/astar_planner/lib/python3.10/site-packages/astar_planner/astar_planner_node.py to astar_planner_node.cpython-310.pyc
[1.315s] byte-compiling /home/ana/sim_ws/src/install/astar_planner/lib/python3.10/site-packages/astar_planner/planner.py to planner.cpython-310.pyc
[1.316s] running install_data
[1.316s] creating /home/ana/sim_ws/src/install/astar_planner/share/astar_planner/launch
[1.316s] copying launch/bringup.launch.py -> /home/ana/sim_ws/src/install/astar_planner/share/astar_planner/launch
[1.316s] running install_egg_info
[1.319s] removing '/home/ana/sim_ws/src/install/astar_planner/lib/python3.10/site-packages/astar_planner-0.0.0-py3.10.egg-info' (and everything under it)
[1.320s] Copying ../build/astar_planner/astar_planner.egg-info to /home/ana/sim_ws/src/install/astar_planner/lib/python3.10/site-packages/astar_planner-0.0.0-py3.10.egg-info
[1.321s] running install_scripts
[1.344s] Installing astar_planner_node script to /home/ana/sim_ws/src/install/astar_planner/lib/astar_planner
[1.344s] Installing controller script to /home/ana/sim_ws/src/install/astar_planner/lib/astar_planner
[1.344s] Installing planner script to /home/ana/sim_ws/src/install/astar_planner/lib/astar_planner
[1.346s] writing list of installed files to '/home/ana/sim_ws/src/build/astar_planner/install.log'
[1.392s] Invoked command in '/home/ana/sim_ws/src/astar_planner' returned '0': PYTHONPATH=/home/ana/sim_ws/src/build/astar_planner/prefix_override:/usr/lib/python3/dist-packages/colcon_core/task/python/colcon_distutils_commands:/home/ana/sim_ws/src/install/astar_planner/lib/python3.10/site-packages:${PYTHONPATH} /usr/bin/python3 -W ignore:setup.py install is deprecated -W ignore:easy_install command is deprecated setup.py egg_info --egg-base ../build/astar_planner build --build-base /home/ana/sim_ws/src/build/astar_planner/build install --record /home/ana/sim_ws/src/build/astar_planner/install.log --single-version-externally-managed install_data
