[1.146s] Invoking command in '/home/ana/sim_ws/src/f1tenth_gym_ros': PYTHONPATH=/home/ana/sim_ws/src/build/f1tenth_gym_ros/prefix_override:/usr/lib/python3/dist-packages/colcon_core/task/python/colcon_distutils_commands:/home/ana/sim_ws/src/install/f1tenth_gym_ros/lib/python3.10/site-packages:${PYTHONPATH} /usr/bin/python3 -W ignore:setup.py install is deprecated -W ignore:easy_install command is deprecated setup.py egg_info --egg-base ../build/f1tenth_gym_ros build --build-base /home/ana/sim_ws/src/build/f1tenth_gym_ros/build install --record /home/ana/sim_ws/src/build/f1tenth_gym_ros/install.log --single-version-externally-managed install_data
[1.486s] running egg_info
[1.487s] writing ../build/f1tenth_gym_ros/f1tenth_gym_ros.egg-info/PKG-INFO
[1.488s] writing dependency_links to ../build/f1tenth_gym_ros/f1tenth_gym_ros.egg-info/dependency_links.txt
[1.488s] writing entry points to ../build/f1tenth_gym_ros/f1tenth_gym_ros.egg-info/entry_points.txt
[1.488s] writing requirements to ../build/f1tenth_gym_ros/f1tenth_gym_ros.egg-info/requires.txt
[1.488s] writing top-level names to ../build/f1tenth_gym_ros/f1tenth_gym_ros.egg-info/top_level.txt
[1.491s] reading manifest file '../build/f1tenth_gym_ros/f1tenth_gym_ros.egg-info/SOURCES.txt'
[1.524s] adding license file 'LICENSE'
[1.525s] writing manifest file '../build/f1tenth_gym_ros/f1tenth_gym_ros.egg-info/SOURCES.txt'
[1.525s] running build
[1.526s] running build_py
[1.526s] copying f1tenth_gym_ros/safety_node.py -> /home/ana/sim_ws/src/build/f1tenth_gym_ros/build/lib/f1tenth_gym_ros
[1.526s] copying f1tenth_gym_ros/waypoints_recorder.py -> /home/ana/sim_ws/src/build/f1tenth_gym_ros/build/lib/f1tenth_gym_ros
[1.526s] copying f1tenth_gym_ros/pure_pursuit.py -> /home/ana/sim_ws/src/build/f1tenth_gym_ros/build/lib/f1tenth_gym_ros
[1.527s] running install
[1.527s] running install_lib
[1.528s] copying /home/ana/sim_ws/src/build/f1tenth_gym_ros/build/lib/f1tenth_gym_ros/safety_node.py -> /home/ana/sim_ws/src/install/f1tenth_gym_ros/lib/python3.10/site-packages/f1tenth_gym_ros
[1.528s] copying /home/ana/sim_ws/src/build/f1tenth_gym_ros/build/lib/f1tenth_gym_ros/waypoints_recorder.py -> /home/ana/sim_ws/src/install/f1tenth_gym_ros/lib/python3.10/site-packages/f1tenth_gym_ros
[1.528s] copying /home/ana/sim_ws/src/build/f1tenth_gym_ros/build/lib/f1tenth_gym_ros/pure_pursuit.py -> /home/ana/sim_ws/src/install/f1tenth_gym_ros/lib/python3.10/site-packages/f1tenth_gym_ros
[1.529s] byte-compiling /home/ana/sim_ws/src/install/f1tenth_gym_ros/lib/python3.10/site-packages/f1tenth_gym_ros/safety_node.py to safety_node.cpython-310.pyc
[1.530s] byte-compiling /home/ana/sim_ws/src/install/f1tenth_gym_ros/lib/python3.10/site-packages/f1tenth_gym_ros/waypoints_recorder.py to waypoints_recorder.cpython-310.pyc
[1.531s] byte-compiling /home/ana/sim_ws/src/install/f1tenth_gym_ros/lib/python3.10/site-packages/f1tenth_gym_ros/pure_pursuit.py to pure_pursuit.cpython-310.pyc
[1.532s] running install_data
[1.532s] running install_egg_info
[1.535s] removing '/home/ana/sim_ws/src/install/f1tenth_gym_ros/lib/python3.10/site-packages/f1tenth_gym_ros-0.0.0-py3.10.egg-info' (and everything under it)
[1.535s] Copying ../build/f1tenth_gym_ros/f1tenth_gym_ros.egg-info to /home/ana/sim_ws/src/install/f1tenth_gym_ros/lib/python3.10/site-packages/f1tenth_gym_ros-0.0.0-py3.10.egg-info
[1.536s] running install_scripts
[1.560s] Installing gym_bridge script to /home/ana/sim_ws/src/install/f1tenth_gym_ros/lib/f1tenth_gym_ros
[1.560s] Installing pure_pursuit script to /home/ana/sim_ws/src/install/f1tenth_gym_ros/lib/f1tenth_gym_ros
[1.560s] Installing safety_node script to /home/ana/sim_ws/src/install/f1tenth_gym_ros/lib/f1tenth_gym_ros
[1.560s] Installing waypoints_recorder script to /home/ana/sim_ws/src/install/f1tenth_gym_ros/lib/f1tenth_gym_ros
[1.560s] writing list of installed files to '/home/ana/sim_ws/src/build/f1tenth_gym_ros/install.log'
[1.589s] Invoked command in '/home/ana/sim_ws/src/f1tenth_gym_ros' returned '0': PYTHONPATH=/home/ana/sim_ws/src/build/f1tenth_gym_ros/prefix_override:/usr/lib/python3/dist-packages/colcon_core/task/python/colcon_distutils_commands:/home/ana/sim_ws/src/install/f1tenth_gym_ros/lib/python3.10/site-packages:${PYTHONPATH} /usr/bin/python3 -W ignore:setup.py install is deprecated -W ignore:easy_install command is deprecated setup.py egg_info --egg-base ../build/f1tenth_gym_ros build --build-base /home/ana/sim_ws/src/build/f1tenth_gym_ros/build install --record /home/ana/sim_ws/src/build/f1tenth_gym_ros/install.log --single-version-externally-managed install_data
