[0.860s] Invoking command in '/home/ana/sim_ws/src/f1tenth_gym_ros': PYTHONPATH=/home/ana/sim_ws/build/f1tenth_gym_ros/prefix_override:/usr/lib/python3/dist-packages/colcon_core/task/python/colcon_distutils_commands:/home/ana/sim_ws/install/f1tenth_gym_ros/lib/python3.10/site-packages:${PYTHONPATH} /usr/bin/python3 -W ignore:setup.py install is deprecated -W ignore:easy_install command is deprecated setup.py egg_info --egg-base ../../build/f1tenth_gym_ros build --build-base /home/ana/sim_ws/build/f1tenth_gym_ros/build install --record /home/ana/sim_ws/build/f1tenth_gym_ros/install.log --single-version-externally-managed install_data
[1.121s] running egg_info
[1.122s] writing ../../build/f1tenth_gym_ros/f1tenth_gym_ros.egg-info/PKG-INFO
[1.122s] writing dependency_links to ../../build/f1tenth_gym_ros/f1tenth_gym_ros.egg-info/dependency_links.txt
[1.123s] writing entry points to ../../build/f1tenth_gym_ros/f1tenth_gym_ros.egg-info/entry_points.txt
[1.123s] writing requirements to ../../build/f1tenth_gym_ros/f1tenth_gym_ros.egg-info/requires.txt
[1.123s] writing top-level names to ../../build/f1tenth_gym_ros/f1tenth_gym_ros.egg-info/top_level.txt
[1.125s] reading manifest file '../../build/f1tenth_gym_ros/f1tenth_gym_ros.egg-info/SOURCES.txt'
[1.126s] adding license file 'LICENSE'
[1.127s] writing manifest file '../../build/f1tenth_gym_ros/f1tenth_gym_ros.egg-info/SOURCES.txt'
[1.127s] running build
[1.128s] running build_py
[1.128s] copying f1tenth_gym_ros/safety_node.py -> /home/ana/sim_ws/build/f1tenth_gym_ros/build/lib/f1tenth_gym_ros
[1.131s] copying f1tenth_gym_ros/waypoints_recorder.py -> /home/ana/sim_ws/build/f1tenth_gym_ros/build/lib/f1tenth_gym_ros
[1.134s] running install
[1.135s] running install_lib
[1.138s] copying /home/ana/sim_ws/build/f1tenth_gym_ros/build/lib/f1tenth_gym_ros/safety_node.py -> /home/ana/sim_ws/install/f1tenth_gym_ros/lib/python3.10/site-packages/f1tenth_gym_ros
[1.138s] copying /home/ana/sim_ws/build/f1tenth_gym_ros/build/lib/f1tenth_gym_ros/waypoints_recorder.py -> /home/ana/sim_ws/install/f1tenth_gym_ros/lib/python3.10/site-packages/f1tenth_gym_ros
[1.140s] byte-compiling /home/ana/sim_ws/install/f1tenth_gym_ros/lib/python3.10/site-packages/f1tenth_gym_ros/safety_node.py to safety_node.cpython-310.pyc
[1.143s] byte-compiling /home/ana/sim_ws/install/f1tenth_gym_ros/lib/python3.10/site-packages/f1tenth_gym_ros/waypoints_recorder.py to waypoints_recorder.cpython-310.pyc
[1.144s] running install_data
[1.144s] running install_egg_info
[1.150s] removing '/home/ana/sim_ws/install/f1tenth_gym_ros/lib/python3.10/site-packages/f1tenth_gym_ros-0.0.0-py3.10.egg-info' (and everything under it)
[1.150s] Copying ../../build/f1tenth_gym_ros/f1tenth_gym_ros.egg-info to /home/ana/sim_ws/install/f1tenth_gym_ros/lib/python3.10/site-packages/f1tenth_gym_ros-0.0.0-py3.10.egg-info
[1.153s] running install_scripts
[1.183s] Installing gym_bridge script to /home/ana/sim_ws/install/f1tenth_gym_ros/lib/f1tenth_gym_ros
[1.183s] Installing pure_pursuit script to /home/ana/sim_ws/install/f1tenth_gym_ros/lib/f1tenth_gym_ros
[1.183s] Installing safety_node script to /home/ana/sim_ws/install/f1tenth_gym_ros/lib/f1tenth_gym_ros
[1.183s] Installing waypoints_recorder script to /home/ana/sim_ws/install/f1tenth_gym_ros/lib/f1tenth_gym_ros
[1.184s] writing list of installed files to '/home/ana/sim_ws/build/f1tenth_gym_ros/install.log'
[1.211s] Invoked command in '/home/ana/sim_ws/src/f1tenth_gym_ros' returned '0': PYTHONPATH=/home/ana/sim_ws/build/f1tenth_gym_ros/prefix_override:/usr/lib/python3/dist-packages/colcon_core/task/python/colcon_distutils_commands:/home/ana/sim_ws/install/f1tenth_gym_ros/lib/python3.10/site-packages:${PYTHONPATH} /usr/bin/python3 -W ignore:setup.py install is deprecated -W ignore:easy_install command is deprecated setup.py egg_info --egg-base ../../build/f1tenth_gym_ros build --build-base /home/ana/sim_ws/build/f1tenth_gym_ros/build install --record /home/ana/sim_ws/build/f1tenth_gym_ros/install.log --single-version-externally-managed install_data
