[1.056s] Invoking command in '/home/ana/sim_ws/src/astar_planner': PYTHONPATH=/home/ana/sim_ws/build/astar_planner/prefix_override:/usr/lib/python3/dist-packages/colcon_core/task/python/colcon_distutils_commands:/home/ana/sim_ws/install/astar_planner/lib/python3.10/site-packages:${PYTHONPATH} /usr/bin/python3 -W ignore:setup.py install is deprecated -W ignore:easy_install command is deprecated setup.py egg_info --egg-base ../../build/astar_planner build --build-base /home/ana/sim_ws/build/astar_planner/build install --record /home/ana/sim_ws/build/astar_planner/install.log --single-version-externally-managed install_data
[1.354s] running egg_info
[1.355s] writing ../../build/astar_planner/astar_planner.egg-info/PKG-INFO
[1.355s] writing dependency_links to ../../build/astar_planner/astar_planner.egg-info/dependency_links.txt
[1.355s] writing entry points to ../../build/astar_planner/astar_planner.egg-info/entry_points.txt
[1.355s] writing requirements to ../../build/astar_planner/astar_planner.egg-info/requires.txt
[1.356s] writing top-level names to ../../build/astar_planner/astar_planner.egg-info/top_level.txt
[1.358s] reading manifest file '../../build/astar_planner/astar_planner.egg-info/SOURCES.txt'
[1.359s] writing manifest file '../../build/astar_planner/astar_planner.egg-info/SOURCES.txt'
[1.359s] running build
[1.360s] running build_py
[1.360s] copying astar_planner/planner.py -> /home/ana/sim_ws/build/astar_planner/build/lib/astar_planner
[1.360s] running install
[1.361s] running install_lib
[1.362s] copying /home/ana/sim_ws/build/astar_planner/build/lib/astar_planner/planner.py -> /home/ana/sim_ws/install/astar_planner/lib/python3.10/site-packages/astar_planner
[1.364s] byte-compiling /home/ana/sim_ws/install/astar_planner/lib/python3.10/site-packages/astar_planner/planner.py to planner.cpython-310.pyc
[1.370s] running install_data
[1.370s] running install_egg_info
[1.374s] removing '/home/ana/sim_ws/install/astar_planner/lib/python3.10/site-packages/astar_planner-0.0.0-py3.10.egg-info' (and everything under it)
[1.375s] Copying ../../build/astar_planner/astar_planner.egg-info to /home/ana/sim_ws/install/astar_planner/lib/python3.10/site-packages/astar_planner-0.0.0-py3.10.egg-info
[1.376s] running install_scripts
[1.409s] Installing astar_planner_node script to /home/ana/sim_ws/install/astar_planner/lib/astar_planner
[1.409s] Installing controller script to /home/ana/sim_ws/install/astar_planner/lib/astar_planner
[1.409s] Installing planner script to /home/ana/sim_ws/install/astar_planner/lib/astar_planner
[1.410s] writing list of installed files to '/home/ana/sim_ws/build/astar_planner/install.log'
[1.453s] Invoked command in '/home/ana/sim_ws/src/astar_planner' returned '0': PYTHONPATH=/home/ana/sim_ws/build/astar_planner/prefix_override:/usr/lib/python3/dist-packages/colcon_core/task/python/colcon_distutils_commands:/home/ana/sim_ws/install/astar_planner/lib/python3.10/site-packages:${PYTHONPATH} /usr/bin/python3 -W ignore:setup.py install is deprecated -W ignore:easy_install command is deprecated setup.py egg_info --egg-base ../../build/astar_planner build --build-base /home/ana/sim_ws/build/astar_planner/build install --record /home/ana/sim_ws/build/astar_planner/install.log --single-version-externally-managed install_data
