[1.051s] Invoking command in '/home/ana/sim_ws/src/astar_planner': PYTHONPATH=/home/ana/sim_ws/build/astar_planner/prefix_override:/usr/lib/python3/dist-packages/colcon_core/task/python/colcon_distutils_commands:/home/ana/sim_ws/install/astar_planner/lib/python3.10/site-packages:${PYTHONPATH} /usr/bin/python3 -W ignore:setup.py install is deprecated -W ignore:easy_install command is deprecated setup.py egg_info --egg-base ../../build/astar_planner build --build-base /home/ana/sim_ws/build/astar_planner/build install --record /home/ana/sim_ws/build/astar_planner/install.log --single-version-externally-managed install_data
[1.342s] running egg_info
[1.343s] writing ../../build/astar_planner/astar_planner.egg-info/PKG-INFO
[1.344s] writing dependency_links to ../../build/astar_planner/astar_planner.egg-info/dependency_links.txt
[1.344s] writing entry points to ../../build/astar_planner/astar_planner.egg-info/entry_points.txt
[1.344s] writing requirements to ../../build/astar_planner/astar_planner.egg-info/requires.txt
[1.345s] writing top-level names to ../../build/astar_planner/astar_planner.egg-info/top_level.txt
[1.346s] reading manifest file '../../build/astar_planner/astar_planner.egg-info/SOURCES.txt'
[1.347s] writing manifest file '../../build/astar_planner/astar_planner.egg-info/SOURCES.txt'
[1.347s] running build
[1.348s] running build_py
[1.348s] running install
[1.349s] running install_lib
[1.350s] running install_data
[1.350s] running install_egg_info
[1.353s] removing '/home/ana/sim_ws/install/astar_planner/lib/python3.10/site-packages/astar_planner-0.0.0-py3.10.egg-info' (and everything under it)
[1.354s] Copying ../../build/astar_planner/astar_planner.egg-info to /home/ana/sim_ws/install/astar_planner/lib/python3.10/site-packages/astar_planner-0.0.0-py3.10.egg-info
[1.355s] running install_scripts
[1.380s] Installing astar_planner_node script to /home/ana/sim_ws/install/astar_planner/lib/astar_planner
[1.380s] Installing controller script to /home/ana/sim_ws/install/astar_planner/lib/astar_planner
[1.380s] Installing planner script to /home/ana/sim_ws/install/astar_planner/lib/astar_planner
[1.381s] writing list of installed files to '/home/ana/sim_ws/build/astar_planner/install.log'
[1.417s] Invoked command in '/home/ana/sim_ws/src/astar_planner' returned '0': PYTHONPATH=/home/ana/sim_ws/build/astar_planner/prefix_override:/usr/lib/python3/dist-packages/colcon_core/task/python/colcon_distutils_commands:/home/ana/sim_ws/install/astar_planner/lib/python3.10/site-packages:${PYTHONPATH} /usr/bin/python3 -W ignore:setup.py install is deprecated -W ignore:easy_install command is deprecated setup.py egg_info --egg-base ../../build/astar_planner build --build-base /home/ana/sim_ws/build/astar_planner/build install --record /home/ana/sim_ws/build/astar_planner/install.log --single-version-externally-managed install_data
