[1.765s] Invoking command in '/home/ana/sim_ws/src/astar_planner': PYTHONPATH=/home/ana/sim_ws/build/astar_planner/prefix_override:/usr/lib/python3/dist-packages/colcon_core/task/python/colcon_distutils_commands:/home/ana/sim_ws/install/astar_planner/lib/python3.10/site-packages:${PYTHONPATH} /usr/bin/python3 -W ignore:setup.py install is deprecated -W ignore:easy_install command is deprecated setup.py egg_info --egg-base ../../build/astar_planner build --build-base /home/ana/sim_ws/build/astar_planner/build install --record /home/ana/sim_ws/build/astar_planner/install.log --single-version-externally-managed install_data
[2.284s] running egg_info
[2.284s] writing ../../build/astar_planner/astar_planner.egg-info/PKG-INFO
[2.285s] writing dependency_links to ../../build/astar_planner/astar_planner.egg-info/dependency_links.txt
[2.285s] writing entry points to ../../build/astar_planner/astar_planner.egg-info/entry_points.txt
[2.286s] writing requirements to ../../build/astar_planner/astar_planner.egg-info/requires.txt
[2.286s] writing top-level names to ../../build/astar_planner/astar_planner.egg-info/top_level.txt
[2.292s] reading manifest file '../../build/astar_planner/astar_planner.egg-info/SOURCES.txt'
[2.292s] writing manifest file '../../build/astar_planner/astar_planner.egg-info/SOURCES.txt'
[2.292s] running build
[2.293s] running build_py
[2.294s] running install
[2.295s] running install_lib
[2.298s] running install_data
[2.302s] running install_egg_info
[2.304s] removing '/home/ana/sim_ws/install/astar_planner/lib/python3.10/site-packages/astar_planner-0.0.0-py3.10.egg-info' (and everything under it)
[2.306s] Copying ../../build/astar_planner/astar_planner.egg-info to /home/ana/sim_ws/install/astar_planner/lib/python3.10/site-packages/astar_planner-0.0.0-py3.10.egg-info
[2.309s] running install_scripts
[2.359s] Installing astar_planner_node script to /home/ana/sim_ws/install/astar_planner/lib/astar_planner
[2.360s] Installing controller script to /home/ana/sim_ws/install/astar_planner/lib/astar_planner
[2.360s] Installing planner script to /home/ana/sim_ws/install/astar_planner/lib/astar_planner
[2.361s] writing list of installed files to '/home/ana/sim_ws/build/astar_planner/install.log'
[2.410s] Invoked command in '/home/ana/sim_ws/src/astar_planner' returned '0': PYTHONPATH=/home/ana/sim_ws/build/astar_planner/prefix_override:/usr/lib/python3/dist-packages/colcon_core/task/python/colcon_distutils_commands:/home/ana/sim_ws/install/astar_planner/lib/python3.10/site-packages:${PYTHONPATH} /usr/bin/python3 -W ignore:setup.py install is deprecated -W ignore:easy_install command is deprecated setup.py egg_info --egg-base ../../build/astar_planner build --build-base /home/ana/sim_ws/build/astar_planner/build install --record /home/ana/sim_ws/build/astar_planner/install.log --single-version-externally-managed install_data
