[0.116s] DEBUG:colcon:Command line arguments: ['/usr/bin/colcon', 'build']
[0.116s] DEBUG:colcon:Parsed command line arguments: Namespace(log_base=None, log_level=None, verb_name='build', build_base='build', install_base='install', merge_install=False, symlink_install=False, test_result_base=None, continue_on_error=False, executor='parallel', parallel_workers=4, event_handlers=None, ignore_user_meta=False, metas=['./colcon.meta'], base_paths=['.'], packages_ignore=None, packages_ignore_regex=None, paths=None, packages_up_to=None, packages_up_to_regex=None, packages_above=None, packages_above_and_dependencies=None, packages_above_depth=None, packages_select_by_dep=None, packages_skip_by_dep=None, packages_skip_up_to=None, packages_select_build_failed=False, packages_skip_build_finished=False, packages_select_test_failures=False, packages_skip_test_passed=False, packages_select=None, packages_skip=None, packages_select_regex=None, packages_skip_regex=None, packages_start=None, packages_end=None, allow_overriding=[], cmake_args=None, cmake_target=None, cmake_target_skip_unavailable=False, cmake_clean_cache=False, cmake_clean_first=False, cmake_force_configure=False, ament_cmake_args=None, catkin_cmake_args=None, catkin_skip_building_tests=False, mixin_files=None, mixin=None, verb_parser=<colcon_mixin.mixin.mixin_argument.MixinArgumentDecorator object at 0x72f2c10a6f50>, verb_extension=<colcon_core.verb.build.BuildVerb object at 0x72f2c1237e20>, main=<bound method BuildVerb.main of <colcon_core.verb.build.BuildVerb object at 0x72f2c1237e20>>, mixin_verb=('build',))
[0.302s] Level 1:colcon.colcon_core.package_discovery:discover_packages(colcon_meta) check parameters
[0.302s] Level 1:colcon.colcon_core.package_discovery:discover_packages(recursive) check parameters
[0.302s] Level 1:colcon.colcon_core.package_discovery:discover_packages(ignore) check parameters
[0.302s] Level 1:colcon.colcon_core.package_discovery:discover_packages(path) check parameters
[0.302s] Level 1:colcon.colcon_core.package_discovery:discover_packages(colcon_meta) discover
[0.302s] Level 1:colcon.colcon_core.package_discovery:discover_packages(recursive) discover
[0.302s] INFO:colcon.colcon_core.package_discovery:Crawling recursively for packages in '/home/ana/sim_ws'
[0.302s] Level 1:colcon.colcon_core.package_identification:_identify(.) by extensions ['ignore', 'ignore_ament_install']
[0.302s] Level 1:colcon.colcon_core.package_identification:_identify(.) by extension 'ignore'
[0.302s] Level 1:colcon.colcon_core.package_identification:_identify(.) by extension 'ignore_ament_install'
[0.302s] Level 1:colcon.colcon_core.package_identification:_identify(.) by extensions ['colcon_pkg']
[0.302s] Level 1:colcon.colcon_core.package_identification:_identify(.) by extension 'colcon_pkg'
[0.302s] Level 1:colcon.colcon_core.package_identification:_identify(.) by extensions ['colcon_meta']
[0.302s] Level 1:colcon.colcon_core.package_identification:_identify(.) by extension 'colcon_meta'
[0.302s] Level 1:colcon.colcon_core.package_identification:_identify(.) by extensions ['ros']
[0.302s] Level 1:colcon.colcon_core.package_identification:_identify(.) by extension 'ros'
[0.313s] Level 1:colcon.colcon_core.package_identification:_identify(.) by extensions ['cmake', 'python']
[0.313s] Level 1:colcon.colcon_core.package_identification:_identify(.) by extension 'cmake'
[0.313s] Level 1:colcon.colcon_core.package_identification:_identify(.) by extension 'python'
[0.313s] Level 1:colcon.colcon_core.package_identification:_identify(.) by extensions ['python_setup_py']
[0.313s] Level 1:colcon.colcon_core.package_identification:_identify(.) by extension 'python_setup_py'
[0.314s] Level 1:colcon.colcon_core.package_identification:_identify(build) by extensions ['ignore', 'ignore_ament_install']
[0.314s] Level 1:colcon.colcon_core.package_identification:_identify(build) by extension 'ignore'
[0.314s] Level 1:colcon.colcon_core.package_identification:_identify(build) ignored
[0.314s] Level 1:colcon.colcon_core.package_identification:_identify(install) by extensions ['ignore', 'ignore_ament_install']
[0.314s] Level 1:colcon.colcon_core.package_identification:_identify(install) by extension 'ignore'
[0.314s] Level 1:colcon.colcon_core.package_identification:_identify(install) ignored
[0.314s] Level 1:colcon.colcon_core.package_identification:_identify(log) by extensions ['ignore', 'ignore_ament_install']
[0.314s] Level 1:colcon.colcon_core.package_identification:_identify(log) by extension 'ignore'
[0.314s] Level 1:colcon.colcon_core.package_identification:_identify(log) ignored
[0.314s] Level 1:colcon.colcon_core.package_identification:_identify(src) by extensions ['ignore', 'ignore_ament_install']
[0.315s] Level 1:colcon.colcon_core.package_identification:_identify(src) by extension 'ignore'
[0.315s] Level 1:colcon.colcon_core.package_identification:_identify(src) by extension 'ignore_ament_install'
[0.315s] Level 1:colcon.colcon_core.package_identification:_identify(src) by extensions ['colcon_pkg']
[0.315s] Level 1:colcon.colcon_core.package_identification:_identify(src) by extension 'colcon_pkg'
[0.315s] Level 1:colcon.colcon_core.package_identification:_identify(src) by extensions ['colcon_meta']
[0.315s] Level 1:colcon.colcon_core.package_identification:_identify(src) by extension 'colcon_meta'
[0.315s] Level 1:colcon.colcon_core.package_identification:_identify(src) by extensions ['ros']
[0.315s] Level 1:colcon.colcon_core.package_identification:_identify(src) by extension 'ros'
[0.315s] Level 1:colcon.colcon_core.package_identification:_identify(src) by extensions ['cmake', 'python']
[0.315s] Level 1:colcon.colcon_core.package_identification:_identify(src) by extension 'cmake'
[0.315s] Level 1:colcon.colcon_core.package_identification:_identify(src) by extension 'python'
[0.315s] Level 1:colcon.colcon_core.package_identification:_identify(src) by extensions ['python_setup_py']
[0.315s] Level 1:colcon.colcon_core.package_identification:_identify(src) by extension 'python_setup_py'
[0.315s] Level 1:colcon.colcon_core.package_identification:_identify(src/astar_planner) by extensions ['ignore', 'ignore_ament_install']
[0.315s] Level 1:colcon.colcon_core.package_identification:_identify(src/astar_planner) by extension 'ignore'
[0.315s] Level 1:colcon.colcon_core.package_identification:_identify(src/astar_planner) by extension 'ignore_ament_install'
[0.315s] Level 1:colcon.colcon_core.package_identification:_identify(src/astar_planner) by extensions ['colcon_pkg']
[0.315s] Level 1:colcon.colcon_core.package_identification:_identify(src/astar_planner) by extension 'colcon_pkg'
[0.315s] Level 1:colcon.colcon_core.package_identification:_identify(src/astar_planner) by extensions ['colcon_meta']
[0.315s] Level 1:colcon.colcon_core.package_identification:_identify(src/astar_planner) by extension 'colcon_meta'
[0.315s] Level 1:colcon.colcon_core.package_identification:_identify(src/astar_planner) by extensions ['ros']
[0.315s] Level 1:colcon.colcon_core.package_identification:_identify(src/astar_planner) by extension 'ros'
[0.318s] DEBUG:colcon.colcon_core.package_identification:Package 'src/astar_planner' with type 'ros.ament_cmake' and name 'astar_planner'
[0.318s] Level 1:colcon.colcon_core.package_identification:_identify(src/build) by extensions ['ignore', 'ignore_ament_install']
[0.318s] Level 1:colcon.colcon_core.package_identification:_identify(src/build) by extension 'ignore'
[0.318s] Level 1:colcon.colcon_core.package_identification:_identify(src/build) ignored
[0.318s] Level 1:colcon.colcon_core.package_identification:_identify(src/f1tenth_gym_ros) by extensions ['ignore', 'ignore_ament_install']
[0.318s] Level 1:colcon.colcon_core.package_identification:_identify(src/f1tenth_gym_ros) by extension 'ignore'
[0.318s] Level 1:colcon.colcon_core.package_identification:_identify(src/f1tenth_gym_ros) by extension 'ignore_ament_install'
[0.319s] Level 1:colcon.colcon_core.package_identification:_identify(src/f1tenth_gym_ros) by extensions ['colcon_pkg']
[0.319s] Level 1:colcon.colcon_core.package_identification:_identify(src/f1tenth_gym_ros) by extension 'colcon_pkg'
[0.319s] Level 1:colcon.colcon_core.package_identification:_identify(src/f1tenth_gym_ros) by extensions ['colcon_meta']
[0.319s] Level 1:colcon.colcon_core.package_identification:_identify(src/f1tenth_gym_ros) by extension 'colcon_meta'
[0.319s] Level 1:colcon.colcon_core.package_identification:_identify(src/f1tenth_gym_ros) by extensions ['ros']
[0.319s] Level 1:colcon.colcon_core.package_identification:_identify(src/f1tenth_gym_ros) by extension 'ros'
[0.320s] DEBUG:colcon.colcon_core.package_identification:Package 'src/f1tenth_gym_ros' with type 'ros.ament_python' and name 'f1tenth_gym_ros'
[0.320s] Level 1:colcon.colcon_core.package_identification:_identify(src/install) by extensions ['ignore', 'ignore_ament_install']
[0.320s] Level 1:colcon.colcon_core.package_identification:_identify(src/install) by extension 'ignore'
[0.320s] Level 1:colcon.colcon_core.package_identification:_identify(src/install) ignored
[0.320s] Level 1:colcon.colcon_core.package_identification:_identify(src/log) by extensions ['ignore', 'ignore_ament_install']
[0.320s] Level 1:colcon.colcon_core.package_identification:_identify(src/log) by extension 'ignore'
[0.320s] Level 1:colcon.colcon_core.package_identification:_identify(src/log) ignored
[0.320s] Level 1:colcon.colcon_core.package_discovery:discover_packages(recursive) using defaults
[0.320s] Level 1:colcon.colcon_core.package_discovery:discover_packages(ignore) discover
[0.320s] Level 1:colcon.colcon_core.package_discovery:discover_packages(ignore) using defaults
[0.320s] Level 1:colcon.colcon_core.package_discovery:discover_packages(path) discover
[0.320s] Level 1:colcon.colcon_core.package_discovery:discover_packages(path) using defaults
[0.351s] Level 1:colcon.colcon_core.package_discovery:discover_packages(prefix_path) check parameters
[0.351s] Level 1:colcon.colcon_core.package_discovery:discover_packages(prefix_path) discover
[0.353s] DEBUG:colcon.colcon_installed_package_information.package_discovery:Found 1 installed packages in /home/ana/sim_ws/install
[0.353s] DEBUG:colcon.colcon_installed_package_information.package_discovery:Found 1 installed packages in /home/ana/ros2_ws/install
[0.355s] DEBUG:colcon.colcon_installed_package_information.package_discovery:Found 396 installed packages in /opt/ros/humble
[0.357s] Level 1:colcon.colcon_core.package_discovery:discover_packages(prefix_path) using defaults
[0.409s] Level 5:colcon.colcon_core.verb:set package 'astar_planner' build argument 'cmake_args' from command line to 'None'
[0.409s] Level 5:colcon.colcon_core.verb:set package 'astar_planner' build argument 'cmake_target' from command line to 'None'
[0.409s] Level 5:colcon.colcon_core.verb:set package 'astar_planner' build argument 'cmake_target_skip_unavailable' from command line to 'False'
[0.409s] Level 5:colcon.colcon_core.verb:set package 'astar_planner' build argument 'cmake_clean_cache' from command line to 'False'
[0.410s] Level 5:colcon.colcon_core.verb:set package 'astar_planner' build argument 'cmake_clean_first' from command line to 'False'
[0.410s] Level 5:colcon.colcon_core.verb:set package 'astar_planner' build argument 'cmake_force_configure' from command line to 'False'
[0.410s] Level 5:colcon.colcon_core.verb:set package 'astar_planner' build argument 'ament_cmake_args' from command line to 'None'
[0.410s] Level 5:colcon.colcon_core.verb:set package 'astar_planner' build argument 'catkin_cmake_args' from command line to 'None'
[0.410s] Level 5:colcon.colcon_core.verb:set package 'astar_planner' build argument 'catkin_skip_building_tests' from command line to 'False'
[0.410s] DEBUG:colcon.colcon_core.verb:Building package 'astar_planner' with the following arguments: {'ament_cmake_args': None, 'build_base': '/home/ana/sim_ws/build/astar_planner', 'catkin_cmake_args': None, 'catkin_skip_building_tests': False, 'cmake_args': None, 'cmake_clean_cache': False, 'cmake_clean_first': False, 'cmake_force_configure': False, 'cmake_target': None, 'cmake_target_skip_unavailable': False, 'install_base': '/home/ana/sim_ws/install/astar_planner', 'merge_install': False, 'path': '/home/ana/sim_ws/src/astar_planner', 'symlink_install': False, 'test_result_base': None}
[0.410s] Level 5:colcon.colcon_core.verb:set package 'f1tenth_gym_ros' build argument 'cmake_args' from command line to 'None'
[0.410s] Level 5:colcon.colcon_core.verb:set package 'f1tenth_gym_ros' build argument 'cmake_target' from command line to 'None'
[0.410s] Level 5:colcon.colcon_core.verb:set package 'f1tenth_gym_ros' build argument 'cmake_target_skip_unavailable' from command line to 'False'
[0.410s] Level 5:colcon.colcon_core.verb:set package 'f1tenth_gym_ros' build argument 'cmake_clean_cache' from command line to 'False'
[0.410s] Level 5:colcon.colcon_core.verb:set package 'f1tenth_gym_ros' build argument 'cmake_clean_first' from command line to 'False'
[0.410s] Level 5:colcon.colcon_core.verb:set package 'f1tenth_gym_ros' build argument 'cmake_force_configure' from command line to 'False'
[0.410s] Level 5:colcon.colcon_core.verb:set package 'f1tenth_gym_ros' build argument 'ament_cmake_args' from command line to 'None'
[0.410s] Level 5:colcon.colcon_core.verb:set package 'f1tenth_gym_ros' build argument 'catkin_cmake_args' from command line to 'None'
[0.410s] Level 5:colcon.colcon_core.verb:set package 'f1tenth_gym_ros' build argument 'catkin_skip_building_tests' from command line to 'False'
[0.410s] DEBUG:colcon.colcon_core.verb:Building package 'f1tenth_gym_ros' with the following arguments: {'ament_cmake_args': None, 'build_base': '/home/ana/sim_ws/build/f1tenth_gym_ros', 'catkin_cmake_args': None, 'catkin_skip_building_tests': False, 'cmake_args': None, 'cmake_clean_cache': False, 'cmake_clean_first': False, 'cmake_force_configure': False, 'cmake_target': None, 'cmake_target_skip_unavailable': False, 'install_base': '/home/ana/sim_ws/install/f1tenth_gym_ros', 'merge_install': False, 'path': '/home/ana/sim_ws/src/f1tenth_gym_ros', 'symlink_install': False, 'test_result_base': None}
[0.410s] INFO:colcon.colcon_core.executor:Executing jobs using 'parallel' executor
[0.411s] DEBUG:colcon.colcon_parallel_executor.executor.parallel:run_until_complete
[0.412s] INFO:colcon.colcon_ros.task.ament_cmake.build:Building ROS package in '/home/ana/sim_ws/src/astar_planner' with build type 'ament_cmake'
[0.412s] INFO:colcon.colcon_cmake.task.cmake.build:Building CMake package in '/home/ana/sim_ws/src/astar_planner'
[0.414s] INFO:colcon.colcon_core.plugin_system:Skipping extension 'colcon_core.shell.bat': Not used on non-Windows systems
[0.414s] INFO:colcon.colcon_core.shell:Skip shell extension 'powershell' for command environment: Not usable outside of PowerShell
[0.414s] DEBUG:colcon.colcon_core.shell:Skip shell extension 'dsv' for command environment
[0.418s] INFO:colcon.colcon_ros.task.ament_python.build:Building ROS package in '/home/ana/sim_ws/src/f1tenth_gym_ros' with build type 'ament_python'
[0.418s] Level 1:colcon.colcon_core.shell:create_environment_hook('f1tenth_gym_ros', 'ament_prefix_path')
[0.419s] INFO:colcon.colcon_core.shell:Creating environment hook '/home/ana/sim_ws/install/f1tenth_gym_ros/share/f1tenth_gym_ros/hook/ament_prefix_path.ps1'
[0.420s] INFO:colcon.colcon_core.shell:Creating environment descriptor '/home/ana/sim_ws/install/f1tenth_gym_ros/share/f1tenth_gym_ros/hook/ament_prefix_path.dsv'
[0.420s] INFO:colcon.colcon_core.shell:Creating environment hook '/home/ana/sim_ws/install/f1tenth_gym_ros/share/f1tenth_gym_ros/hook/ament_prefix_path.sh'
[0.421s] INFO:colcon.colcon_core.shell:Skip shell extension 'powershell' for command environment: Not usable outside of PowerShell
[0.421s] DEBUG:colcon.colcon_core.shell:Skip shell extension 'dsv' for command environment
[0.452s] DEBUG:colcon.colcon_core.event_handler.log_command:Invoking command in '/home/ana/sim_ws/build/astar_planner': CMAKE_PREFIX_PATH=/home/ana/sim_ws/install/f1tenth_gym_ros:/home/ana/ros2_ws/install/my_robot_controller:/opt/ros/humble /usr/bin/cmake /home/ana/sim_ws/src/astar_planner -DCMAKE_INSTALL_PREFIX=/home/ana/sim_ws/install/astar_planner
[0.765s] INFO:colcon.colcon_core.task.python.build:Building Python package in '/home/ana/sim_ws/src/f1tenth_gym_ros'
[0.765s] INFO:colcon.colcon_core.shell:Skip shell extension 'powershell' for command environment: Not usable outside of PowerShell
[0.765s] DEBUG:colcon.colcon_core.shell:Skip shell extension 'dsv' for command environment
[1.189s] DEBUG:colcon.colcon_core.event_handler.log_command:Invoking command in '/home/ana/sim_ws/src/f1tenth_gym_ros': PYTHONPATH=/home/ana/sim_ws/build/f1tenth_gym_ros/prefix_override:/usr/lib/python3/dist-packages/colcon_core/task/python/colcon_distutils_commands:/home/ana/sim_ws/install/f1tenth_gym_ros/lib/python3.10/site-packages:${PYTHONPATH} /usr/bin/python3 -W ignore:setup.py install is deprecated -W ignore:easy_install command is deprecated setup.py egg_info --egg-base ../../build/f1tenth_gym_ros build --build-base /home/ana/sim_ws/build/f1tenth_gym_ros/build install --record /home/ana/sim_ws/build/f1tenth_gym_ros/install.log --single-version-externally-managed install_data
[1.532s] DEBUG:colcon.colcon_core.event_handler.log_command:Invoked command in '/home/ana/sim_ws/src/f1tenth_gym_ros' returned '0': PYTHONPATH=/home/ana/sim_ws/build/f1tenth_gym_ros/prefix_override:/usr/lib/python3/dist-packages/colcon_core/task/python/colcon_distutils_commands:/home/ana/sim_ws/install/f1tenth_gym_ros/lib/python3.10/site-packages:${PYTHONPATH} /usr/bin/python3 -W ignore:setup.py install is deprecated -W ignore:easy_install command is deprecated setup.py egg_info --egg-base ../../build/f1tenth_gym_ros build --build-base /home/ana/sim_ws/build/f1tenth_gym_ros/build install --record /home/ana/sim_ws/build/f1tenth_gym_ros/install.log --single-version-externally-managed install_data
[1.535s] Level 1:colcon.colcon_core.environment:checking '/home/ana/sim_ws/install/f1tenth_gym_ros' for CMake module files
[1.535s] Level 1:colcon.colcon_core.environment:checking '/home/ana/sim_ws/install/f1tenth_gym_ros' for CMake config files
[1.536s] Level 1:colcon.colcon_core.environment:checking '/home/ana/sim_ws/install/f1tenth_gym_ros/lib'
[1.536s] Level 1:colcon.colcon_core.environment:checking '/home/ana/sim_ws/install/f1tenth_gym_ros/bin'
[1.536s] Level 1:colcon.colcon_core.environment:checking '/home/ana/sim_ws/install/f1tenth_gym_ros/lib/pkgconfig/f1tenth_gym_ros.pc'
[1.536s] Level 1:colcon.colcon_core.environment:checking '/home/ana/sim_ws/install/f1tenth_gym_ros/lib/python3.10/site-packages'
[1.536s] Level 1:colcon.colcon_core.shell:create_environment_hook('f1tenth_gym_ros', 'pythonpath')
[1.537s] INFO:colcon.colcon_core.shell:Creating environment hook '/home/ana/sim_ws/install/f1tenth_gym_ros/share/f1tenth_gym_ros/hook/pythonpath.ps1'
[1.537s] INFO:colcon.colcon_core.shell:Creating environment descriptor '/home/ana/sim_ws/install/f1tenth_gym_ros/share/f1tenth_gym_ros/hook/pythonpath.dsv'
[1.537s] INFO:colcon.colcon_core.shell:Creating environment hook '/home/ana/sim_ws/install/f1tenth_gym_ros/share/f1tenth_gym_ros/hook/pythonpath.sh'
[1.538s] Level 1:colcon.colcon_core.environment:checking '/home/ana/sim_ws/install/f1tenth_gym_ros/bin'
[1.538s] Level 1:colcon.colcon_core.environment:create_environment_scripts_only(f1tenth_gym_ros)
[1.539s] INFO:colcon.colcon_core.shell:Creating package script '/home/ana/sim_ws/install/f1tenth_gym_ros/share/f1tenth_gym_ros/package.ps1'
[1.540s] INFO:colcon.colcon_core.shell:Creating package descriptor '/home/ana/sim_ws/install/f1tenth_gym_ros/share/f1tenth_gym_ros/package.dsv'
[1.541s] INFO:colcon.colcon_core.shell:Creating package script '/home/ana/sim_ws/install/f1tenth_gym_ros/share/f1tenth_gym_ros/package.sh'
[1.542s] INFO:colcon.colcon_core.shell:Creating package script '/home/ana/sim_ws/install/f1tenth_gym_ros/share/f1tenth_gym_ros/package.bash'
[1.543s] INFO:colcon.colcon_core.shell:Creating package script '/home/ana/sim_ws/install/f1tenth_gym_ros/share/f1tenth_gym_ros/package.zsh'
[1.544s] Level 1:colcon.colcon_core.environment:create_file_with_runtime_dependencies(/home/ana/sim_ws/install/f1tenth_gym_ros/share/colcon-core/packages/f1tenth_gym_ros)
[1.861s] DEBUG:colcon.colcon_core.event_handler.log_command:Invoked command in '/home/ana/sim_ws/build/astar_planner' returned '0': CMAKE_PREFIX_PATH=/home/ana/sim_ws/install/f1tenth_gym_ros:/home/ana/ros2_ws/install/my_robot_controller:/opt/ros/humble /usr/bin/cmake /home/ana/sim_ws/src/astar_planner -DCMAKE_INSTALL_PREFIX=/home/ana/sim_ws/install/astar_planner
[1.863s] DEBUG:colcon.colcon_core.event_handler.log_command:Invoking command in '/home/ana/sim_ws/build/astar_planner': CMAKE_PREFIX_PATH=/home/ana/sim_ws/install/f1tenth_gym_ros:/home/ana/ros2_ws/install/my_robot_controller:/opt/ros/humble /usr/bin/cmake --build /home/ana/sim_ws/build/astar_planner -- -j4 -l4
[1.900s] DEBUG:colcon.colcon_core.event_handler.log_command:Invoked command in '/home/ana/sim_ws/build/astar_planner' returned '0': CMAKE_PREFIX_PATH=/home/ana/sim_ws/install/f1tenth_gym_ros:/home/ana/ros2_ws/install/my_robot_controller:/opt/ros/humble /usr/bin/cmake --build /home/ana/sim_ws/build/astar_planner -- -j4 -l4
[1.910s] DEBUG:colcon.colcon_core.event_handler.log_command:Invoking command in '/home/ana/sim_ws/build/astar_planner': CMAKE_PREFIX_PATH=/home/ana/sim_ws/install/f1tenth_gym_ros:/home/ana/ros2_ws/install/my_robot_controller:/opt/ros/humble /usr/bin/cmake --install /home/ana/sim_ws/build/astar_planner
[1.922s] Level 1:colcon.colcon_core.environment:create_environment_scripts_only(astar_planner)
[1.922s] Level 1:colcon.colcon_core.environment:checking '/home/ana/sim_ws/install/astar_planner' for CMake module files
[1.923s] DEBUG:colcon.colcon_core.event_handler.log_command:Invoked command in '/home/ana/sim_ws/build/astar_planner' returned '0': CMAKE_PREFIX_PATH=/home/ana/sim_ws/install/f1tenth_gym_ros:/home/ana/ros2_ws/install/my_robot_controller:/opt/ros/humble /usr/bin/cmake --install /home/ana/sim_ws/build/astar_planner
[1.924s] Level 1:colcon.colcon_core.environment:checking '/home/ana/sim_ws/install/astar_planner' for CMake config files
[1.924s] Level 1:colcon.colcon_core.shell:create_environment_hook('astar_planner', 'cmake_prefix_path')
[1.924s] INFO:colcon.colcon_core.shell:Creating environment hook '/home/ana/sim_ws/install/astar_planner/share/astar_planner/hook/cmake_prefix_path.ps1'
[1.924s] INFO:colcon.colcon_core.shell:Creating environment descriptor '/home/ana/sim_ws/install/astar_planner/share/astar_planner/hook/cmake_prefix_path.dsv'
[1.925s] INFO:colcon.colcon_core.shell:Creating environment hook '/home/ana/sim_ws/install/astar_planner/share/astar_planner/hook/cmake_prefix_path.sh'
[1.925s] Level 1:colcon.colcon_core.environment:checking '/home/ana/sim_ws/install/astar_planner/lib'
[1.925s] Level 1:colcon.colcon_core.environment:checking '/home/ana/sim_ws/install/astar_planner/bin'
[1.925s] Level 1:colcon.colcon_core.environment:checking '/home/ana/sim_ws/install/astar_planner/lib/pkgconfig/astar_planner.pc'
[1.926s] Level 1:colcon.colcon_core.environment:checking '/home/ana/sim_ws/install/astar_planner/lib/python3.10/site-packages'
[1.926s] Level 1:colcon.colcon_core.environment:checking '/home/ana/sim_ws/install/astar_planner/bin'
[1.926s] INFO:colcon.colcon_core.shell:Creating package script '/home/ana/sim_ws/install/astar_planner/share/astar_planner/package.ps1'
[1.926s] INFO:colcon.colcon_core.shell:Creating package descriptor '/home/ana/sim_ws/install/astar_planner/share/astar_planner/package.dsv'
[1.927s] INFO:colcon.colcon_core.shell:Creating package script '/home/ana/sim_ws/install/astar_planner/share/astar_planner/package.sh'
[1.927s] INFO:colcon.colcon_core.shell:Creating package script '/home/ana/sim_ws/install/astar_planner/share/astar_planner/package.bash'
[1.927s] INFO:colcon.colcon_core.shell:Creating package script '/home/ana/sim_ws/install/astar_planner/share/astar_planner/package.zsh'
[1.928s] Level 1:colcon.colcon_core.environment:create_file_with_runtime_dependencies(/home/ana/sim_ws/install/astar_planner/share/colcon-core/packages/astar_planner)
[1.928s] Level 1:colcon.colcon_core.environment:create_environment_scripts_only(astar_planner)
[1.928s] Level 1:colcon.colcon_core.environment:checking '/home/ana/sim_ws/install/astar_planner' for CMake module files
[1.929s] Level 1:colcon.colcon_core.environment:checking '/home/ana/sim_ws/install/astar_planner' for CMake config files
[1.929s] Level 1:colcon.colcon_core.shell:create_environment_hook('astar_planner', 'cmake_prefix_path')
[1.929s] INFO:colcon.colcon_core.shell:Creating environment hook '/home/ana/sim_ws/install/astar_planner/share/astar_planner/hook/cmake_prefix_path.ps1'
[1.930s] INFO:colcon.colcon_core.shell:Creating environment descriptor '/home/ana/sim_ws/install/astar_planner/share/astar_planner/hook/cmake_prefix_path.dsv'
[1.930s] INFO:colcon.colcon_core.shell:Creating environment hook '/home/ana/sim_ws/install/astar_planner/share/astar_planner/hook/cmake_prefix_path.sh'
[1.930s] Level 1:colcon.colcon_core.environment:checking '/home/ana/sim_ws/install/astar_planner/lib'
[1.931s] Level 1:colcon.colcon_core.environment:checking '/home/ana/sim_ws/install/astar_planner/bin'
[1.931s] Level 1:colcon.colcon_core.environment:checking '/home/ana/sim_ws/install/astar_planner/lib/pkgconfig/astar_planner.pc'
[1.931s] Level 1:colcon.colcon_core.environment:checking '/home/ana/sim_ws/install/astar_planner/lib/python3.10/site-packages'
[1.931s] Level 1:colcon.colcon_core.environment:checking '/home/ana/sim_ws/install/astar_planner/bin'
[1.931s] INFO:colcon.colcon_core.shell:Creating package script '/home/ana/sim_ws/install/astar_planner/share/astar_planner/package.ps1'
[1.932s] INFO:colcon.colcon_core.shell:Creating package descriptor '/home/ana/sim_ws/install/astar_planner/share/astar_planner/package.dsv'
[1.932s] INFO:colcon.colcon_core.shell:Creating package script '/home/ana/sim_ws/install/astar_planner/share/astar_planner/package.sh'
[1.933s] INFO:colcon.colcon_core.shell:Creating package script '/home/ana/sim_ws/install/astar_planner/share/astar_planner/package.bash'
[1.933s] INFO:colcon.colcon_core.shell:Creating package script '/home/ana/sim_ws/install/astar_planner/share/astar_planner/package.zsh'
[1.933s] Level 1:colcon.colcon_core.environment:create_file_with_runtime_dependencies(/home/ana/sim_ws/install/astar_planner/share/colcon-core/packages/astar_planner)
[1.934s] DEBUG:colcon.colcon_parallel_executor.executor.parallel:closing loop
[1.934s] DEBUG:colcon.colcon_parallel_executor.executor.parallel:loop closed
[1.934s] DEBUG:colcon.colcon_parallel_executor.executor.parallel:run_until_complete finished with '0'
[1.934s] DEBUG:colcon.colcon_core.event_reactor:joining thread
[1.940s] INFO:colcon.colcon_core.plugin_system:Skipping extension 'colcon_notification.desktop_notification.terminal_notifier': Not used on non-Darwin systems
[1.940s] INFO:colcon.colcon_core.plugin_system:Skipping extension 'colcon_notification.desktop_notification.win32': Not used on non-Windows systems
[1.940s] INFO:colcon.colcon_notification.desktop_notification:Sending desktop notification using 'notify2'
[1.951s] DEBUG:colcon.colcon_core.event_reactor:joined thread
[1.951s] INFO:colcon.colcon_core.shell:Creating prefix script '/home/ana/sim_ws/install/local_setup.ps1'
[1.952s] INFO:colcon.colcon_core.shell:Creating prefix util module '/home/ana/sim_ws/install/_local_setup_util_ps1.py'
[1.954s] INFO:colcon.colcon_core.shell:Creating prefix chain script '/home/ana/sim_ws/install/setup.ps1'
[1.956s] INFO:colcon.colcon_core.shell:Creating prefix script '/home/ana/sim_ws/install/local_setup.sh'
[1.957s] INFO:colcon.colcon_core.shell:Creating prefix util module '/home/ana/sim_ws/install/_local_setup_util_sh.py'
[1.957s] INFO:colcon.colcon_core.shell:Creating prefix chain script '/home/ana/sim_ws/install/setup.sh'
[1.958s] INFO:colcon.colcon_core.shell:Creating prefix script '/home/ana/sim_ws/install/local_setup.bash'
[1.959s] INFO:colcon.colcon_core.shell:Creating prefix chain script '/home/ana/sim_ws/install/setup.bash'
[1.960s] INFO:colcon.colcon_core.shell:Creating prefix script '/home/ana/sim_ws/install/local_setup.zsh'
[1.960s] INFO:colcon.colcon_core.shell:Creating prefix chain script '/home/ana/sim_ws/install/setup.zsh'
