[1.092s] Invoking command in '/home/ana/sim_ws/src/astar_planner': PYTHONPATH=/home/ana/sim_ws/src/build/astar_planner/prefix_override:/usr/lib/python3/dist-packages/colcon_core/task/python/colcon_distutils_commands:/home/ana/sim_ws/src/install/astar_planner/lib/python3.10/site-packages:${PYTHONPATH} /usr/bin/python3 -W ignore:setup.py install is deprecated -W ignore:easy_install command is deprecated setup.py egg_info --egg-base ../build/astar_planner build --build-base /home/ana/sim_ws/src/build/astar_planner/build install --record /home/ana/sim_ws/src/build/astar_planner/install.log --single-version-externally-managed install_data
[1.446s] running egg_info
[1.446s] creating ../build/astar_planner/astar_planner.egg-info
[1.447s] writing ../build/astar_planner/astar_planner.egg-info/PKG-INFO
[1.447s] writing dependency_links to ../build/astar_planner/astar_planner.egg-info/dependency_links.txt
[1.448s] writing entry points to ../build/astar_planner/astar_planner.egg-info/entry_points.txt
[1.448s] writing requirements to ../build/astar_planner/astar_planner.egg-info/requires.txt
[1.448s] writing top-level names to ../build/astar_planner/astar_planner.egg-info/top_level.txt
[1.448s] writing manifest file '../build/astar_planner/astar_planner.egg-info/SOURCES.txt'
[1.450s] reading manifest file '../build/astar_planner/astar_planner.egg-info/SOURCES.txt'
[1.451s] writing manifest file '../build/astar_planner/astar_planner.egg-info/SOURCES.txt'
[1.451s] running build
[1.451s] running build_py
[1.451s] creating /home/ana/sim_ws/src/build/astar_planner/build
[1.451s] creating /home/ana/sim_ws/src/build/astar_planner/build/lib
[1.452s] creating /home/ana/sim_ws/src/build/astar_planner/build/lib/astar_planner
[1.452s] copying astar_planner/astar_planner_node.py -> /home/ana/sim_ws/src/build/astar_planner/build/lib/astar_planner
[1.452s] copying astar_planner/__init__.py -> /home/ana/sim_ws/src/build/astar_planner/build/lib/astar_planner
[1.452s] running install
[1.452s] running install_lib
[1.453s] creating /home/ana/sim_ws/src/install/astar_planner/lib/python3.10/site-packages/astar_planner
[1.453s] copying /home/ana/sim_ws/src/build/astar_planner/build/lib/astar_planner/astar_planner_node.py -> /home/ana/sim_ws/src/install/astar_planner/lib/python3.10/site-packages/astar_planner
[1.454s] copying /home/ana/sim_ws/src/build/astar_planner/build/lib/astar_planner/__init__.py -> /home/ana/sim_ws/src/install/astar_planner/lib/python3.10/site-packages/astar_planner
[1.454s] byte-compiling /home/ana/sim_ws/src/install/astar_planner/lib/python3.10/site-packages/astar_planner/astar_planner_node.py to astar_planner_node.cpython-310.pyc
[1.455s] byte-compiling /home/ana/sim_ws/src/install/astar_planner/lib/python3.10/site-packages/astar_planner/__init__.py to __init__.cpython-310.pyc
[1.455s] running install_data
[1.456s] creating /home/ana/sim_ws/src/install/astar_planner/share/ament_index
[1.456s] creating /home/ana/sim_ws/src/install/astar_planner/share/ament_index/resource_index
[1.456s] creating /home/ana/sim_ws/src/install/astar_planner/share/ament_index/resource_index/packages
[1.456s] copying resource/astar_planner -> /home/ana/sim_ws/src/install/astar_planner/share/ament_index/resource_index/packages
[1.456s] copying package.xml -> /home/ana/sim_ws/src/install/astar_planner/share/astar_planner
[1.456s] running install_egg_info
[1.459s] Copying ../build/astar_planner/astar_planner.egg-info to /home/ana/sim_ws/src/install/astar_planner/lib/python3.10/site-packages/astar_planner-0.0.0-py3.10.egg-info
[1.460s] running install_scripts
[1.483s] Installing astar_planner_node script to /home/ana/sim_ws/src/install/astar_planner/lib/astar_planner
[1.484s] writing list of installed files to '/home/ana/sim_ws/src/build/astar_planner/install.log'
[1.514s] Invoked command in '/home/ana/sim_ws/src/astar_planner' returned '0': PYTHONPATH=/home/ana/sim_ws/src/build/astar_planner/prefix_override:/usr/lib/python3/dist-packages/colcon_core/task/python/colcon_distutils_commands:/home/ana/sim_ws/src/install/astar_planner/lib/python3.10/site-packages:${PYTHONPATH} /usr/bin/python3 -W ignore:setup.py install is deprecated -W ignore:easy_install command is deprecated setup.py egg_info --egg-base ../build/astar_planner build --build-base /home/ana/sim_ws/src/build/astar_planner/build install --record /home/ana/sim_ws/src/build/astar_planner/install.log --single-version-externally-managed install_data
