[0.676s] Invoking command in '/home/ana/sim_ws/src/f1tenth_gym_ros': PYTHONPATH=/home/ana/sim_ws/src/build/f1tenth_gym_ros/prefix_override:/usr/lib/python3/dist-packages/colcon_core/task/python/colcon_distutils_commands:/home/ana/sim_ws/src/install/f1tenth_gym_ros/lib/python3.10/site-packages:${PYTHONPATH} /usr/bin/python3 -W ignore:setup.py install is deprecated -W ignore:easy_install command is deprecated setup.py egg_info --egg-base ../build/f1tenth_gym_ros build --build-base /home/ana/sim_ws/src/build/f1tenth_gym_ros/build install --record /home/ana/sim_ws/src/build/f1tenth_gym_ros/install.log --single-version-externally-managed install_data
[0.942s] running egg_info
[0.943s] creating ../build/f1tenth_gym_ros/f1tenth_gym_ros.egg-info
[0.943s] writing ../build/f1tenth_gym_ros/f1tenth_gym_ros.egg-info/PKG-INFO
[0.943s] writing dependency_links to ../build/f1tenth_gym_ros/f1tenth_gym_ros.egg-info/dependency_links.txt
[0.944s] writing entry points to ../build/f1tenth_gym_ros/f1tenth_gym_ros.egg-info/entry_points.txt
[0.944s] writing requirements to ../build/f1tenth_gym_ros/f1tenth_gym_ros.egg-info/requires.txt
[0.944s] writing top-level names to ../build/f1tenth_gym_ros/f1tenth_gym_ros.egg-info/top_level.txt
[0.944s] writing manifest file '../build/f1tenth_gym_ros/f1tenth_gym_ros.egg-info/SOURCES.txt'
[0.946s] reading manifest file '../build/f1tenth_gym_ros/f1tenth_gym_ros.egg-info/SOURCES.txt'
[0.946s] adding license file 'LICENSE'
[0.947s] writing manifest file '../build/f1tenth_gym_ros/f1tenth_gym_ros.egg-info/SOURCES.txt'
[0.947s] running build
[0.947s] running build_py
[0.947s] creating /home/ana/sim_ws/src/build/f1tenth_gym_ros/build
[0.948s] creating /home/ana/sim_ws/src/build/f1tenth_gym_ros/build/lib
[0.948s] creating /home/ana/sim_ws/src/build/f1tenth_gym_ros/build/lib/f1tenth_gym_ros
[0.948s] copying f1tenth_gym_ros/gym_bridge.py -> /home/ana/sim_ws/src/build/f1tenth_gym_ros/build/lib/f1tenth_gym_ros
[0.948s] copying f1tenth_gym_ros/__init__.py -> /home/ana/sim_ws/src/build/f1tenth_gym_ros/build/lib/f1tenth_gym_ros
[0.948s] running install
[0.948s] running install_lib
[0.949s] creating /home/ana/sim_ws/src/install/f1tenth_gym_ros/lib/python3.10/site-packages/f1tenth_gym_ros
[0.950s] copying /home/ana/sim_ws/src/build/f1tenth_gym_ros/build/lib/f1tenth_gym_ros/gym_bridge.py -> /home/ana/sim_ws/src/install/f1tenth_gym_ros/lib/python3.10/site-packages/f1tenth_gym_ros
[0.950s] copying /home/ana/sim_ws/src/build/f1tenth_gym_ros/build/lib/f1tenth_gym_ros/__init__.py -> /home/ana/sim_ws/src/install/f1tenth_gym_ros/lib/python3.10/site-packages/f1tenth_gym_ros
[0.950s] byte-compiling /home/ana/sim_ws/src/install/f1tenth_gym_ros/lib/python3.10/site-packages/f1tenth_gym_ros/gym_bridge.py to gym_bridge.cpython-310.pyc
[0.953s] byte-compiling /home/ana/sim_ws/src/install/f1tenth_gym_ros/lib/python3.10/site-packages/f1tenth_gym_ros/__init__.py to __init__.cpython-310.pyc
[0.953s] running install_data
[0.953s] creating /home/ana/sim_ws/src/install/f1tenth_gym_ros/share/ament_index
[0.954s] creating /home/ana/sim_ws/src/install/f1tenth_gym_ros/share/ament_index/resource_index
[0.954s] creating /home/ana/sim_ws/src/install/f1tenth_gym_ros/share/ament_index/resource_index/packages
[0.954s] copying resource/f1tenth_gym_ros -> /home/ana/sim_ws/src/install/f1tenth_gym_ros/share/ament_index/resource_index/packages
[0.954s] copying package.xml -> /home/ana/sim_ws/src/install/f1tenth_gym_ros/share/f1tenth_gym_ros
[0.954s] creating /home/ana/sim_ws/src/install/f1tenth_gym_ros/share/f1tenth_gym_ros/launch
[0.954s] copying launch/gym_bridge_launch.py -> /home/ana/sim_ws/src/install/f1tenth_gym_ros/share/f1tenth_gym_ros/launch
[0.954s] copying launch/opp_racecar.xacro -> /home/ana/sim_ws/src/install/f1tenth_gym_ros/share/f1tenth_gym_ros/launch
[0.955s] copying launch/ego_racecar.xacro -> /home/ana/sim_ws/src/install/f1tenth_gym_ros/share/f1tenth_gym_ros/launch
[0.955s] copying launch/gym_bridge.rviz -> /home/ana/sim_ws/src/install/f1tenth_gym_ros/share/f1tenth_gym_ros/launch
[0.955s] creating /home/ana/sim_ws/src/install/f1tenth_gym_ros/share/f1tenth_gym_ros/config
[0.955s] copying config/sim.yaml -> /home/ana/sim_ws/src/install/f1tenth_gym_ros/share/f1tenth_gym_ros/config
[0.955s] running install_egg_info
[0.957s] Copying ../build/f1tenth_gym_ros/f1tenth_gym_ros.egg-info to /home/ana/sim_ws/src/install/f1tenth_gym_ros/lib/python3.10/site-packages/f1tenth_gym_ros-0.0.0-py3.10.egg-info
[0.958s] running install_scripts
[0.979s] Installing gym_bridge script to /home/ana/sim_ws/src/install/f1tenth_gym_ros/lib/f1tenth_gym_ros
[0.979s] writing list of installed files to '/home/ana/sim_ws/src/build/f1tenth_gym_ros/install.log'
[1.005s] Invoked command in '/home/ana/sim_ws/src/f1tenth_gym_ros' returned '0': PYTHONPATH=/home/ana/sim_ws/src/build/f1tenth_gym_ros/prefix_override:/usr/lib/python3/dist-packages/colcon_core/task/python/colcon_distutils_commands:/home/ana/sim_ws/src/install/f1tenth_gym_ros/lib/python3.10/site-packages:${PYTHONPATH} /usr/bin/python3 -W ignore:setup.py install is deprecated -W ignore:easy_install command is deprecated setup.py egg_info --egg-base ../build/f1tenth_gym_ros build --build-base /home/ana/sim_ws/src/build/f1tenth_gym_ros/build install --record /home/ana/sim_ws/src/build/f1tenth_gym_ros/install.log --single-version-externally-managed install_data
